
*** Running vivado
    with args -log top.vdi -applog -m64 -product Vivado -messageDb vivado.pb -mode batch -source top.tcl -notrace



****** Vivado v2020.1 (64-bit)
  **** SW Build 2902540 on Wed May 27 19:54:49 MDT 2020
  **** IP Build 2902112 on Wed May 27 22:43:36 MDT 2020
    ** Copyright 1986-2020 Xilinx, Inc. All Rights Reserved.

source top.tcl -notrace
Command: link_design -top top -part xc7a35tcpg236-1
Design is defaulting to srcset: sources_1
Design is defaulting to constrset: constrs_1
INFO: [Device 21-403] Loading part xc7a35tcpg236-1
INFO: [Project 1-454] Reading design checkpoint 'C:/Users/Brenden Morton/Desktop/TopDesk/UCF/Grad/FPGA/Lab_5/Lab_5.runs/impl_1/.Xil/Vivado-17576-Chungus/image_dp_ram_1/image_dp_ram.dcp' for cell 'display'
Netlist sorting complete. Time (s): cpu = 00:00:00 ; elapsed = 00:00:00.019 . Memory (MB): peak = 1034.719 ; gain = 0.000
INFO: [Netlist 29-17] Analyzing 105 Unisim elements for replacement
INFO: [Netlist 29-28] Unisim Transformation completed in 0 CPU seconds
INFO: [Project 1-479] Netlist was created with Vivado 2020.1
INFO: [Project 1-570] Preparing netlist for logic optimization
Parsing XDC File [C:/Users/Brenden Morton/Desktop/TopDesk/UCF/Grad/FPGA/Lab_5/Lab_5.srcs/constrs_1/new/const.xdc]
Finished Parsing XDC File [C:/Users/Brenden Morton/Desktop/TopDesk/UCF/Grad/FPGA/Lab_5/Lab_5.srcs/constrs_1/new/const.xdc]
INFO: [Opt 31-138] Pushed 0 inverter(s) to 0 load pin(s).
Netlist sorting complete. Time (s): cpu = 00:00:00 ; elapsed = 00:00:00 . Memory (MB): peak = 1034.719 ; gain = 0.000
INFO: [Project 1-111] Unisim Transformation Summary:
No Unisim elements were transformed.

8 Infos, 0 Warnings, 0 Critical Warnings and 0 Errors encountered.
link_design completed successfully
link_design: Time (s): cpu = 00:00:08 ; elapsed = 00:00:09 . Memory (MB): peak = 1034.719 ; gain = 0.000
Command: opt_design
Attempting to get a license for feature 'Implementation' and/or device 'xc7a35t'
INFO: [Common 17-349] Got license for feature 'Implementation' and/or device 'xc7a35t'
Running DRC as a precondition to command opt_design

Starting DRC Task
INFO: [DRC 23-27] Running DRC with 2 threads
ERROR: [DRC MDRV-1] Multiple Driver Nets: Net filtered_addrb[0] has multiple drivers: filtered_addrb_reg[0]/Q, and filtered_addrb_reg[0]__0/Q.
ERROR: [DRC MDRV-1] Multiple Driver Nets: Net filtered_addrb[10] has multiple drivers: filtered_addrb_reg[10]__0/Q, and filtered_addrb_reg[10]/Q.
ERROR: [DRC MDRV-1] Multiple Driver Nets: Net filtered_addrb[11] has multiple drivers: filtered_addrb_reg[11]__0/Q, and filtered_addrb_reg[11]/Q.
ERROR: [DRC MDRV-1] Multiple Driver Nets: Net filtered_addrb[12] has multiple drivers: filtered_addrb_reg[12]/Q, and filtered_addrb_reg[12]__0/Q.
ERROR: [DRC MDRV-1] Multiple Driver Nets: Net filtered_addrb[13] has multiple drivers: filtered_addrb_reg[13]/Q, and filtered_addrb_reg[13]__0/Q.
ERROR: [DRC MDRV-1] Multiple Driver Nets: Net filtered_addrb[14] has multiple drivers: filtered_addrb_reg[14]/Q, and filtered_addrb_reg[14]__0/Q.
ERROR: [DRC MDRV-1] Multiple Driver Nets: Net filtered_addrb[15] has multiple drivers: filtered_addrb_reg[15]/Q, and filtered_addrb_reg[15]__0/Q.
ERROR: [DRC MDRV-1] Multiple Driver Nets: Net filtered_addrb[1] has multiple drivers: filtered_addrb_reg[1]__0/Q, and filtered_addrb_reg[1]/Q.
ERROR: [DRC MDRV-1] Multiple Driver Nets: Net filtered_addrb[2] has multiple drivers: filtered_addrb_reg[2]/Q, and filtered_addrb_reg[2]__0/Q.
ERROR: [DRC MDRV-1] Multiple Driver Nets: Net filtered_addrb[3] has multiple drivers: filtered_addrb_reg[3]/Q, and filtered_addrb_reg[3]__0/Q.
ERROR: [DRC MDRV-1] Multiple Driver Nets: Net filtered_addrb[4] has multiple drivers: filtered_addrb_reg[4]__0/Q, and filtered_addrb_reg[4]/Q.
ERROR: [DRC MDRV-1] Multiple Driver Nets: Net filtered_addrb[5] has multiple drivers: filtered_addrb_reg[5]/Q, and filtered_addrb_reg[5]__0/Q.
ERROR: [DRC MDRV-1] Multiple Driver Nets: Net filtered_addrb[6] has multiple drivers: filtered_addrb_reg[6]__0/Q, and filtered_addrb_reg[6]/Q.
ERROR: [DRC MDRV-1] Multiple Driver Nets: Net filtered_addrb[7] has multiple drivers: filtered_addrb_reg[7]/Q, and filtered_addrb_reg[7]__0/Q.
ERROR: [DRC MDRV-1] Multiple Driver Nets: Net filtered_addrb[8] has multiple drivers: filtered_addrb_reg[8]__0/Q, and filtered_addrb_reg[8]/Q.
ERROR: [DRC MDRV-1] Multiple Driver Nets: Net filtered_addrb[9] has multiple drivers: filtered_addrb_reg[9]/Q, and filtered_addrb_reg[9]__0/Q.
ERROR: [DRC MDRV-1] Multiple Driver Nets: Net filtered_enb has multiple drivers: filtered_enb_reg__0/Q, and filtered_enb_reg/Q.
ERROR: [DRC MDRV-1] Multiple Driver Nets: Net filtered_wea has multiple drivers: filtered_wea_reg__0/Q, and filtered_wea_reg/Q.
INFO: [Project 1-461] DRC finished with 18 Errors
INFO: [Project 1-462] Please refer to the DRC report (report_drc) for more information.
ERROR: [Vivado_Tcl 4-78] Error(s) found during DRC. Opt_design not run.

Time (s): cpu = 00:00:02 ; elapsed = 00:00:01 . Memory (MB): peak = 1034.719 ; gain = 0.000
INFO: [Common 17-83] Releasing license: Implementation
13 Infos, 0 Warnings, 0 Critical Warnings and 19 Errors encountered.
opt_design failed
ERROR: [Common 17-39] 'opt_design' failed due to earlier errors.

INFO: [Common 17-206] Exiting Vivado at Sun Nov 20 11:08:29 2022...
